[ 2023-05-11 17:51:10,926 ] 15 root - INFO - >>>>>>>>>>>>>>>>>>>>>>>>>>>>>>>>>>>>>>>> Data Ingestion <<<<<<<<<<<<<<<<<<<<<<<<<<<<<<<<<<<<<<<<
[ 2023-05-11 17:51:10,926 ] 22 root - INFO - Exporting collection data as pandas dataframe
[ 2023-05-11 17:51:10,926 ] 21 root - INFO - Reading data from database: insurance and collection: insur_coll
[ 2023-05-11 17:51:11,009 ] 23 root - INFO - Found columns: Index(['_id', 'age', 'sex', 'bmi', 'children', 'smoker', 'region', 'expenses'], dtype='object')
[ 2023-05-11 17:51:11,009 ] 25 root - INFO - Dropping column: _id 
[ 2023-05-11 17:51:11,011 ] 27 root - INFO - Row and columns in df: (4014, 7)
[ 2023-05-11 17:51:11,011 ] 28 root - INFO - Save data in feature store
[ 2023-05-11 17:51:11,014 ] 34 root - INFO - Create feature store folder if not available
[ 2023-05-11 17:51:11,026 ] 38 root - INFO - Save df to feature store folder
[ 2023-05-11 17:51:11,063 ] 43 root - INFO - split dataset into train and test set
[ 2023-05-11 17:51:11,067 ] 47 root - INFO - create dataset directory folder if not available
[ 2023-05-11 17:51:11,067 ] 52 root - INFO - Save df to feature store folder
[ 2023-05-11 17:51:11,094 ] 64 root - INFO - Data ingestion artifact: DataIngestionArtifact(feature_store_file_path='/config/workspace/artifact/05112023__175110/data_ingestion/feature_store/Insurance.csv', train_file_path='/config/workspace/artifact/05112023__175110/data_ingestion/dataset/train.csv', test_file_path='/config/workspace/artifact/05112023__175110/data_ingestion/dataset/test.csv')
[ 2023-05-11 17:51:11,095 ] 22 root - INFO - >>>>>>>>>>>>>>>>>>>>>>>>>>>>>>>>>>>>>>>> Data Validation <<<<<<<<<<<<<<<<<<<<<<<<<<<<<<<<<<<<<<<<
[ 2023-05-11 17:51:11,096 ] 111 root - INFO - Reading base dataframe
[ 2023-05-11 17:51:11,118 ] 114 root - INFO - Replace na value in base df
[ 2023-05-11 17:51:11,118 ] 116 root - INFO - Drop null values colums from base df
[ 2023-05-11 17:51:11,119 ] 45 root - INFO - selecting column name which contains null above to 0.2
[ 2023-05-11 17:51:11,120 ] 48 root - INFO - Columns to drop: []
[ 2023-05-11 17:51:11,121 ] 119 root - INFO - Reading train dataframe
[ 2023-05-11 17:51:11,128 ] 121 root - INFO - Reading test dataframe
[ 2023-05-11 17:51:11,132 ] 124 root - INFO - Drop null values colums from train df
[ 2023-05-11 17:51:11,134 ] 45 root - INFO - selecting column name which contains null above to 0.2
[ 2023-05-11 17:51:11,135 ] 48 root - INFO - Columns to drop: []
[ 2023-05-11 17:51:11,136 ] 126 root - INFO - Drop null values colums from test df
[ 2023-05-11 17:51:11,137 ] 45 root - INFO - selecting column name which contains null above to 0.2
[ 2023-05-11 17:51:11,137 ] 48 root - INFO - Columns to drop: []
