[ 2023-05-11 18:41:19,948 ] 15 root - INFO - >>>>>>>>>>>>>>>>>>>>>>>>>>>>>>>>>>>>>>>> Data Ingestion <<<<<<<<<<<<<<<<<<<<<<<<<<<<<<<<<<<<<<<<
[ 2023-05-11 18:41:19,948 ] 22 root - INFO - Exporting collection data as pandas dataframe
[ 2023-05-11 18:41:19,948 ] 21 root - INFO - Reading data from database: insurance and collection: insur_coll
[ 2023-05-11 18:41:19,965 ] 23 root - INFO - Found columns: Index(['_id', 'age', 'sex', 'bmi', 'children', 'smoker', 'region', 'expenses'], dtype='object')
[ 2023-05-11 18:41:19,965 ] 25 root - INFO - Dropping column: _id 
[ 2023-05-11 18:41:19,967 ] 27 root - INFO - Row and columns in df: (1338, 7)
[ 2023-05-11 18:41:19,967 ] 28 root - INFO - Save data in feature store
[ 2023-05-11 18:41:19,968 ] 34 root - INFO - Create feature store folder if not available
[ 2023-05-11 18:41:19,969 ] 38 root - INFO - Save df to feature store folder
[ 2023-05-11 18:41:19,979 ] 43 root - INFO - split dataset into train and test set
[ 2023-05-11 18:41:19,981 ] 47 root - INFO - create dataset directory folder if not available
[ 2023-05-11 18:41:19,982 ] 52 root - INFO - Save df to feature store folder
[ 2023-05-11 18:41:19,992 ] 64 root - INFO - Data ingestion artifact: DataIngestionArtifact(feature_store_file_path='/config/workspace/artifact/05112023__184119/data_ingestion/feature_store/Insurance.csv', train_file_path='/config/workspace/artifact/05112023__184119/data_ingestion/dataset/train.csv', test_file_path='/config/workspace/artifact/05112023__184119/data_ingestion/dataset/test.csv')
[ 2023-05-11 18:41:19,993 ] 22 root - INFO - >>>>>>>>>>>>>>>>>>>>>>>>>>>>>>>>>>>>>>>> Data Validation <<<<<<<<<<<<<<<<<<<<<<<<<<<<<<<<<<<<<<<<
[ 2023-05-11 18:41:19,993 ] 111 root - INFO - Reading base dataframe
[ 2023-05-11 18:41:20,028 ] 114 root - INFO - Replace na value in base df
[ 2023-05-11 18:41:20,028 ] 116 root - INFO - Drop null values colums from base df
[ 2023-05-11 18:41:20,030 ] 45 root - INFO - selecting column name which contains null above to 0.2
[ 2023-05-11 18:41:20,030 ] 48 root - INFO - Columns to drop: []
[ 2023-05-11 18:41:20,031 ] 119 root - INFO - Reading train dataframe
[ 2023-05-11 18:41:20,036 ] 121 root - INFO - Reading test dataframe
[ 2023-05-11 18:41:20,039 ] 124 root - INFO - Drop null values colums from train df
[ 2023-05-11 18:41:20,040 ] 45 root - INFO - selecting column name which contains null above to 0.2
[ 2023-05-11 18:41:20,041 ] 48 root - INFO - Columns to drop: []
[ 2023-05-11 18:41:20,042 ] 126 root - INFO - Drop null values colums from test df
[ 2023-05-11 18:41:20,043 ] 45 root - INFO - selecting column name which contains null above to 0.2
[ 2023-05-11 18:41:20,044 ] 48 root - INFO - Columns to drop: []
[ 2023-05-11 18:41:20,050 ] 135 root - INFO - Is all required columns present in train df
[ 2023-05-11 18:41:20,050 ] 137 root - INFO - Is all required columns present in test df
[ 2023-05-11 18:41:20,050 ] 141 root - INFO - As all column are available in train df hence detecting data drift
[ 2023-05-11 18:41:20,050 ] 89 root - INFO - Hypothesis age: float64, float64 
[ 2023-05-11 18:41:20,052 ] 89 root - INFO - Hypothesis sex: object, object 
[ 2023-05-11 18:41:20,056 ] 89 root - INFO - Hypothesis bmi: float64, float64 
[ 2023-05-11 18:41:20,057 ] 89 root - INFO - Hypothesis children: float64, float64 
[ 2023-05-11 18:41:20,058 ] 89 root - INFO - Hypothesis smoker: object, object 
[ 2023-05-11 18:41:20,063 ] 89 root - INFO - Hypothesis region: object, object 
[ 2023-05-11 18:41:20,068 ] 89 root - INFO - Hypothesis expenses: float64, float64 
[ 2023-05-11 18:41:20,070 ] 144 root - INFO - As all column are available in test df hence detecting data drift
[ 2023-05-11 18:41:20,070 ] 89 root - INFO - Hypothesis age: float64, float64 
[ 2023-05-11 18:41:20,091 ] 89 root - INFO - Hypothesis sex: object, object 
[ 2023-05-11 18:41:20,094 ] 89 root - INFO - Hypothesis bmi: float64, float64 
[ 2023-05-11 18:41:20,096 ] 89 root - INFO - Hypothesis children: float64, float64 
[ 2023-05-11 18:41:20,097 ] 89 root - INFO - Hypothesis smoker: object, object 
[ 2023-05-11 18:41:20,100 ] 89 root - INFO - Hypothesis region: object, object 
[ 2023-05-11 18:41:20,104 ] 89 root - INFO - Hypothesis expenses: float64, float64 
[ 2023-05-11 18:41:20,105 ] 148 root - INFO - Write reprt in yaml file
[ 2023-05-11 18:41:20,111 ] 153 root - INFO - Data validation artifact: DataValidationArtifact(report_file_path='/config/workspace/artifact/05112023__184119/data_validation/report.yaml')
