[ 2023-05-11 19:15:43,721 ] 15 root - INFO - >>>>>>>>>>>>>>>>>>>>>>>>>>>>>>>>>>>>>>>> Data Ingestion <<<<<<<<<<<<<<<<<<<<<<<<<<<<<<<<<<<<<<<<
[ 2023-05-11 19:15:43,722 ] 22 root - INFO - Exporting collection data as pandas dataframe
[ 2023-05-11 19:15:43,722 ] 21 root - INFO - Reading data from database: insurance and collection: insur_coll
[ 2023-05-11 19:15:43,739 ] 23 root - INFO - Found columns: Index(['_id', 'age', 'sex', 'bmi', 'children', 'smoker', 'region', 'expenses'], dtype='object')
[ 2023-05-11 19:15:43,739 ] 25 root - INFO - Dropping column: _id 
[ 2023-05-11 19:15:43,741 ] 27 root - INFO - Row and columns in df: (1338, 7)
[ 2023-05-11 19:15:43,741 ] 28 root - INFO - Save data in feature store
[ 2023-05-11 19:15:43,743 ] 34 root - INFO - Create feature store folder if not available
[ 2023-05-11 19:15:43,743 ] 38 root - INFO - Save df to feature store folder
[ 2023-05-11 19:15:43,753 ] 43 root - INFO - split dataset into train and test set
[ 2023-05-11 19:15:43,755 ] 47 root - INFO - create dataset directory folder if not available
[ 2023-05-11 19:15:43,756 ] 52 root - INFO - Save df to feature store folder
[ 2023-05-11 19:15:43,766 ] 64 root - INFO - Data ingestion artifact: DataIngestionArtifact(feature_store_file_path='/config/workspace/artifact/05112023__191543/data_ingestion/feature_store/Insurance.csv', train_file_path='/config/workspace/artifact/05112023__191543/data_ingestion/dataset/train.csv', test_file_path='/config/workspace/artifact/05112023__191543/data_ingestion/dataset/test.csv')
[ 2023-05-11 19:15:43,766 ] 22 root - INFO - >>>>>>>>>>>>>>>>>>>>>>>>>>>>>>>>>>>>>>>> Data Validation <<<<<<<<<<<<<<<<<<<<<<<<<<<<<<<<<<<<<<<<
[ 2023-05-11 19:15:43,767 ] 111 root - INFO - Reading base dataframe
[ 2023-05-11 19:15:43,773 ] 114 root - INFO - Replace na value in base df
[ 2023-05-11 19:15:43,773 ] 116 root - INFO - Drop null values colums from base df
[ 2023-05-11 19:15:43,774 ] 45 root - INFO - selecting column name which contains null above to 0.2
[ 2023-05-11 19:15:43,775 ] 48 root - INFO - Columns to drop: []
[ 2023-05-11 19:15:43,776 ] 119 root - INFO - Reading train dataframe
[ 2023-05-11 19:15:43,780 ] 121 root - INFO - Reading test dataframe
[ 2023-05-11 19:15:43,816 ] 124 root - INFO - Drop null values colums from train df
[ 2023-05-11 19:15:43,817 ] 45 root - INFO - selecting column name which contains null above to 0.2
[ 2023-05-11 19:15:43,818 ] 48 root - INFO - Columns to drop: []
[ 2023-05-11 19:15:43,819 ] 126 root - INFO - Drop null values colums from test df
[ 2023-05-11 19:15:43,820 ] 45 root - INFO - selecting column name which contains null above to 0.2
[ 2023-05-11 19:15:43,821 ] 48 root - INFO - Columns to drop: []
[ 2023-05-11 19:15:43,826 ] 135 root - INFO - Is all required columns present in train df
[ 2023-05-11 19:15:43,827 ] 137 root - INFO - Is all required columns present in test df
[ 2023-05-11 19:15:43,827 ] 141 root - INFO - As all column are available in train df hence detecting data drift
[ 2023-05-11 19:15:43,827 ] 89 root - INFO - Hypothesis age: float64, float64 
[ 2023-05-11 19:15:43,828 ] 89 root - INFO - Hypothesis sex: object, object 
[ 2023-05-11 19:15:43,832 ] 89 root - INFO - Hypothesis bmi: float64, float64 
[ 2023-05-11 19:15:43,834 ] 89 root - INFO - Hypothesis children: float64, float64 
[ 2023-05-11 19:15:43,835 ] 89 root - INFO - Hypothesis smoker: object, object 
[ 2023-05-11 19:15:43,839 ] 89 root - INFO - Hypothesis region: object, object 
[ 2023-05-11 19:15:43,845 ] 89 root - INFO - Hypothesis expenses: float64, float64 
[ 2023-05-11 19:15:43,852 ] 144 root - INFO - As all column are available in test df hence detecting data drift
[ 2023-05-11 19:15:43,853 ] 89 root - INFO - Hypothesis age: float64, float64 
[ 2023-05-11 19:15:43,854 ] 89 root - INFO - Hypothesis sex: object, object 
[ 2023-05-11 19:15:43,857 ] 89 root - INFO - Hypothesis bmi: float64, float64 
[ 2023-05-11 19:15:43,858 ] 89 root - INFO - Hypothesis children: float64, float64 
[ 2023-05-11 19:15:43,859 ] 89 root - INFO - Hypothesis smoker: object, object 
[ 2023-05-11 19:15:43,862 ] 89 root - INFO - Hypothesis region: object, object 
[ 2023-05-11 19:15:43,866 ] 89 root - INFO - Hypothesis expenses: float64, float64 
[ 2023-05-11 19:15:43,867 ] 148 root - INFO - Write reprt in yaml file
[ 2023-05-11 19:15:43,873 ] 153 root - INFO - Data validation artifact: DataValidationArtifact(report_file_path='/config/workspace/artifact/05112023__191543/data_validation/report.yaml')
